This file contains any messages produced by compilers while
running configure, to aid debugging if configure makes a mistake.

It was created by gpx configure 2.5.3, which was
generated by GNU Autoconf 2.69.  Invocation command line was

  $ ../configure -host i686-w64-mingw32

## --------- ##
## Platform. ##
## --------- ##

hostname = p4a
uname -m = x86_64
uname -r = 3.16.0-4-amd64
uname -s = Linux
uname -v = #1 SMP Debian 3.16.36-1+deb8u1 (2016-09-03)

/usr/bin/uname -p = unknown
/bin/uname -X     = unknown

/bin/arch              = unknown
/usr/bin/arch -k       = unknown
/usr/convex/getsysinfo = unknown
/usr/bin/hostinfo      = unknown
/bin/machine           = unknown
/usr/bin/oslevel       = unknown
/bin/universe          = unknown

PATH: /usr/local/bin
PATH: /usr/bin
PATH: /bin
PATH: /usr/local/games
PATH: /usr/games


## ----------- ##
## Core tests. ##
## ----------- ##

configure:2411: checking for a BSD-compatible install
configure:2479: result: /usr/bin/install -c
configure:2490: checking whether build environment is sane
configure:2545: result: yes
configure:2604: checking for i686-w64-mingw32-strip
configure:2620: found /usr/bin/i686-w64-mingw32-strip
configure:2631: result: i686-w64-mingw32-strip
configure:2696: checking for a thread-safe mkdir -p
configure:2735: result: /bin/mkdir -p
configure:2742: checking for gawk
configure:2772: result: no
configure:2742: checking for mawk
configure:2758: found /usr/bin/mawk
configure:2769: result: mawk
configure:2780: checking whether make sets $(MAKE)
configure:2802: result: yes
configure:2831: checking whether make supports nested variables
configure:2848: result: yes
configure:2975: checking whether to enable maintainer-specific portions of Makefiles
configure:2984: result: no
configure:3007: checking build system type
configure:3021: result: x86_64-unknown-linux-gnu
configure:3041: checking host system type
configure:3054: result: i686-w64-mingw32
configure:3100: checking for i686-w64-mingw32-gcc
configure:3116: found /usr/bin/i686-w64-mingw32-gcc
configure:3127: result: i686-w64-mingw32-gcc
configure:3396: checking for C compiler version
configure:3405: i686-w64-mingw32-gcc --version >&5
i686-w64-mingw32-gcc (GCC) 4.9.1
Copyright (C) 2014 Free Software Foundation, Inc.
This is free software; see the source for copying conditions.  There is NO
warranty; not even for MERCHANTABILITY or FITNESS FOR A PARTICULAR PURPOSE.

configure:3416: $? = 0
configure:3405: i686-w64-mingw32-gcc -v >&5
Using built-in specs.
COLLECT_GCC=i686-w64-mingw32-gcc
COLLECT_LTO_WRAPPER=/usr/lib/gcc/i686-w64-mingw32/4.9-win32/lto-wrapper
Target: i686-w64-mingw32
Configured with: ../../src/configure --build=x86_64-linux-gnu --prefix=/usr --includedir='/usr/include' --mandir='/usr/share/man' --infodir='/usr/share/info' --sysconfdir=/etc --localstatedir=/var --libexecdir='/usr/lib/gcc-mingw-w64' --disable-maintainer-mode --disable-dependency-tracking --prefix=/usr --enable-shared --enable-static --disable-multilib --with-system-zlib --libexecdir=/usr/lib --without-included-gettext --libdir=/usr/lib --enable-libstdcxx-time=yes --with-tune=generic --enable-version-specific-runtime-libs --enable-fully-dynamic-string --enable-libgomp --enable-languages=c,c++,fortran,objc,obj-c++ --enable-lto --with-plugin-ld --enable-threads=win32 --program-suffix=-win32 --program-prefix=i686-w64-mingw32- --target=i686-w64-mingw32 --with-as=/usr/bin/i686-w64-mingw32-as --with-ld=/usr/bin/i686-w64-mingw32-ld
Thread model: win32
gcc version 4.9.1 (GCC) 
configure:3416: $? = 0
configure:3405: i686-w64-mingw32-gcc -V >&5
i686-w64-mingw32-gcc: error: unrecognized command line option '-V'
i686-w64-mingw32-gcc: fatal error: no input files
compilation terminated.
configure:3416: $? = 4
configure:3405: i686-w64-mingw32-gcc -qversion >&5
i686-w64-mingw32-gcc: error: unrecognized command line option '-qversion'
i686-w64-mingw32-gcc: fatal error: no input files
compilation terminated.
configure:3416: $? = 4
configure:3436: checking whether the C compiler works
configure:3458: i686-w64-mingw32-gcc  -pthread   -static -static-libgcc -lpthread conftest.c  >&5
configure:3462: $? = 0
configure:3510: result: yes
configure:3513: checking for C compiler default output file name
configure:3515: result: a.exe
configure:3521: checking for suffix of executables
configure:3528: i686-w64-mingw32-gcc -o conftest.exe  -pthread   -static -static-libgcc -lpthread conftest.c  >&5
configure:3532: $? = 0
configure:3554: result: .exe
configure:3576: checking whether we are cross compiling
configure:3584: i686-w64-mingw32-gcc -o conftest.exe  -pthread   -static -static-libgcc -lpthread conftest.c  >&5
configure:3588: $? = 0
configure:3595: ./conftest.exe
../configure: line 3597: ./conftest.exe: cannot execute binary file: Exec format error
configure:3599: $? = 126
configure:3614: result: yes
configure:3619: checking for suffix of object files
configure:3641: i686-w64-mingw32-gcc -c  -pthread  conftest.c >&5
configure:3645: $? = 0
configure:3666: result: o
configure:3670: checking whether we are using the GNU C compiler
configure:3689: i686-w64-mingw32-gcc -c  -pthread  conftest.c >&5
configure:3689: $? = 0
configure:3698: result: yes
configure:3707: checking whether i686-w64-mingw32-gcc accepts -g
configure:3727: i686-w64-mingw32-gcc -c -g  conftest.c >&5
configure:3727: $? = 0
configure:3768: result: yes
configure:3785: checking for i686-w64-mingw32-gcc option to accept ISO C89
configure:3848: i686-w64-mingw32-gcc  -c  -pthread  conftest.c >&5
configure:3848: $? = 0
configure:3861: result: none needed
configure:3886: checking whether i686-w64-mingw32-gcc understands -c and -o together
configure:3908: i686-w64-mingw32-gcc -c conftest.c -o conftest2.o
configure:3911: $? = 0
configure:3908: i686-w64-mingw32-gcc -c conftest.c -o conftest2.o
configure:3911: $? = 0
configure:3923: result: yes
configure:3951: checking for style of include used by make
configure:3979: result: GNU
configure:4005: checking dependency style of i686-w64-mingw32-gcc
configure:4116: result: gcc3
configure:4131: checking whether make sets $(MAKE)
configure:4153: result: yes
configure:4164: checking for sign-osx.sh
configure:4194: result: no
configure:4209: checking for hdiutil
configure:4239: result: no
configure:4254: checking for python
configure:4270: found /usr/bin/python
configure:4281: result: python
configure:4299: checking for diff
configure:4315: found /usr/bin/diff
configure:4326: result: diff -b
configure:4352: checking how to run the C preprocessor
configure:4383: i686-w64-mingw32-gcc -E  conftest.c
configure:4383: $? = 0
configure:4397: i686-w64-mingw32-gcc -E  conftest.c
conftest.c:11:28: fatal error: ac_nonexistent.h: No such file or directory
 #include <ac_nonexistent.h>
                            ^
compilation terminated.
configure:4397: $? = 1
configure: failed program was:
| /* confdefs.h */
| #define PACKAGE_NAME "gpx"
| #define PACKAGE_TARNAME "gpx"
| #define PACKAGE_VERSION "2.5.3"
| #define PACKAGE_STRING "gpx 2.5.3"
| #define PACKAGE_BUGREPORT "https://github.com/markwal/GPX/issues"
| #define PACKAGE_URL "https://github.com/markwal/GPX"
| #define PACKAGE "gpx"
| #define VERSION "2.5.3"
| /* end confdefs.h.  */
| #include <ac_nonexistent.h>
configure:4422: result: i686-w64-mingw32-gcc -E
configure:4442: i686-w64-mingw32-gcc -E  conftest.c
configure:4442: $? = 0
configure:4456: i686-w64-mingw32-gcc -E  conftest.c
conftest.c:11:28: fatal error: ac_nonexistent.h: No such file or directory
 #include <ac_nonexistent.h>
                            ^
compilation terminated.
configure:4456: $? = 1
configure: failed program was:
| /* confdefs.h */
| #define PACKAGE_NAME "gpx"
| #define PACKAGE_TARNAME "gpx"
| #define PACKAGE_VERSION "2.5.3"
| #define PACKAGE_STRING "gpx 2.5.3"
| #define PACKAGE_BUGREPORT "https://github.com/markwal/GPX/issues"
| #define PACKAGE_URL "https://github.com/markwal/GPX"
| #define PACKAGE "gpx"
| #define VERSION "2.5.3"
| /* end confdefs.h.  */
| #include <ac_nonexistent.h>
configure:4485: checking for grep that handles long lines and -e
configure:4543: result: /bin/grep
configure:4548: checking for egrep
configure:4610: result: /bin/grep -E
configure:4615: checking for ANSI C header files
configure:4635: i686-w64-mingw32-gcc -c  -pthread  conftest.c >&5
configure:4635: $? = 0
configure:4719: result: yes
configure:4732: checking for sys/types.h
configure:4732: i686-w64-mingw32-gcc -c  -pthread  conftest.c >&5
configure:4732: $? = 0
configure:4732: result: yes
configure:4732: checking for sys/stat.h
configure:4732: i686-w64-mingw32-gcc -c  -pthread  conftest.c >&5
configure:4732: $? = 0
configure:4732: result: yes
configure:4732: checking for stdlib.h
configure:4732: i686-w64-mingw32-gcc -c  -pthread  conftest.c >&5
configure:4732: $? = 0
configure:4732: result: yes
configure:4732: checking for string.h
configure:4732: i686-w64-mingw32-gcc -c  -pthread  conftest.c >&5
configure:4732: $? = 0
configure:4732: result: yes
configure:4732: checking for memory.h
configure:4732: i686-w64-mingw32-gcc -c  -pthread  conftest.c >&5
configure:4732: $? = 0
configure:4732: result: yes
configure:4732: checking for strings.h
configure:4732: i686-w64-mingw32-gcc -c  -pthread  conftest.c >&5
configure:4732: $? = 0
configure:4732: result: yes
configure:4732: checking for inttypes.h
configure:4732: i686-w64-mingw32-gcc -c  -pthread  conftest.c >&5
configure:4732: $? = 0
configure:4732: result: yes
configure:4732: checking for stdint.h
configure:4732: i686-w64-mingw32-gcc -c  -pthread  conftest.c >&5
configure:4732: $? = 0
configure:4732: result: yes
configure:4732: checking for unistd.h
configure:4732: i686-w64-mingw32-gcc -c  -pthread  conftest.c >&5
configure:4732: $? = 0
configure:4732: result: yes
configure:4747: checking fcntl.h usability
configure:4747: i686-w64-mingw32-gcc -c  -pthread  conftest.c >&5
configure:4747: $? = 0
configure:4747: result: yes
configure:4747: checking fcntl.h presence
configure:4747: i686-w64-mingw32-gcc -E  conftest.c
configure:4747: $? = 0
configure:4747: result: yes
configure:4747: checking for fcntl.h
configure:4747: result: yes
configure:4747: checking float.h usability
configure:4747: i686-w64-mingw32-gcc -c  -pthread  conftest.c >&5
configure:4747: $? = 0
configure:4747: result: yes
configure:4747: checking float.h presence
configure:4747: i686-w64-mingw32-gcc -E  conftest.c
configure:4747: $? = 0
configure:4747: result: yes
configure:4747: checking for float.h
configure:4747: result: yes
configure:4747: checking for inttypes.h
configure:4747: result: yes
configure:4747: checking limits.h usability
configure:4747: i686-w64-mingw32-gcc -c  -pthread  conftest.c >&5
configure:4747: $? = 0
configure:4747: result: yes
configure:4747: checking limits.h presence
configure:4747: i686-w64-mingw32-gcc -E  conftest.c
configure:4747: $? = 0
configure:4747: result: yes
configure:4747: checking for limits.h
configure:4747: result: yes
configure:4747: checking for stdint.h
configure:4747: result: yes
configure:4747: checking for stdlib.h
configure:4747: result: yes
configure:4747: checking for string.h
configure:4747: result: yes
configure:4747: checking for unistd.h
configure:4747: result: yes
configure:4759: checking windows.h usability
configure:4759: i686-w64-mingw32-gcc -c  -pthread  conftest.c >&5
configure:4759: $? = 0
configure:4759: result: yes
configure:4759: checking windows.h presence
configure:4759: i686-w64-mingw32-gcc -E  conftest.c
configure:4759: $? = 0
configure:4759: result: yes
configure:4759: checking for windows.h
configure:4759: result: yes
configure:4787: checking for stdbool.h that conforms to C99
configure:4854: i686-w64-mingw32-gcc -c  -pthread  conftest.c >&5
configure:4854: $? = 0
configure:4861: result: yes
configure:4863: checking for _Bool
configure:4863: i686-w64-mingw32-gcc -c  -pthread  conftest.c >&5
configure:4863: $? = 0
configure:4863: i686-w64-mingw32-gcc -c  -pthread  conftest.c >&5
conftest.c: In function 'main':
conftest.c:66:20: error: expected expression before ')' token
 if (sizeof ((_Bool)))
                    ^
configure:4863: $? = 1
configure: failed program was:
| /* confdefs.h */
| #define PACKAGE_NAME "gpx"
| #define PACKAGE_TARNAME "gpx"
| #define PACKAGE_VERSION "2.5.3"
| #define PACKAGE_STRING "gpx 2.5.3"
| #define PACKAGE_BUGREPORT "https://github.com/markwal/GPX/issues"
| #define PACKAGE_URL "https://github.com/markwal/GPX"
| #define PACKAGE "gpx"
| #define VERSION "2.5.3"
| #define STDC_HEADERS 1
| #define HAVE_SYS_TYPES_H 1
| #define HAVE_SYS_STAT_H 1
| #define HAVE_STDLIB_H 1
| #define HAVE_STRING_H 1
| #define HAVE_MEMORY_H 1
| #define HAVE_STRINGS_H 1
| #define HAVE_INTTYPES_H 1
| #define HAVE_STDINT_H 1
| #define HAVE_UNISTD_H 1
| #define HAVE_FCNTL_H 1
| #define HAVE_FLOAT_H 1
| #define HAVE_INTTYPES_H 1
| #define HAVE_LIMITS_H 1
| #define HAVE_STDINT_H 1
| #define HAVE_STDLIB_H 1
| #define HAVE_STRING_H 1
| #define HAVE_UNISTD_H 1
| #define HAVE_WINDOWS_H 1
| /* end confdefs.h.  */
| #include <stdio.h>
| #ifdef HAVE_SYS_TYPES_H
| # include <sys/types.h>
| #endif
| #ifdef HAVE_SYS_STAT_H
| # include <sys/stat.h>
| #endif
| #ifdef STDC_HEADERS
| # include <stdlib.h>
| # include <stddef.h>
| #else
| # ifdef HAVE_STDLIB_H
| #  include <stdlib.h>
| # endif
| #endif
| #ifdef HAVE_STRING_H
| # if !defined STDC_HEADERS && defined HAVE_MEMORY_H
| #  include <memory.h>
| # endif
| # include <string.h>
| #endif
| #ifdef HAVE_STRINGS_H
| # include <strings.h>
| #endif
| #ifdef HAVE_INTTYPES_H
| # include <inttypes.h>
| #endif
| #ifdef HAVE_STDINT_H
| # include <stdint.h>
| #endif
| #ifdef HAVE_UNISTD_H
| # include <unistd.h>
| #endif
| int
| main ()
| {
| if (sizeof ((_Bool)))
| 	    return 0;
|   ;
|   return 0;
| }
configure:4863: result: yes
configure:4874: checking for int16_t
configure:4874: i686-w64-mingw32-gcc -c  -pthread  conftest.c >&5
configure:4874: $? = 0
configure:4874: i686-w64-mingw32-gcc -c  -pthread  conftest.c >&5
conftest.c: In function 'main':
conftest.c:68:12: error: size of array 'test_array' is negative
 static int test_array [1 - 2 * !((int16_t) (((((int16_t) 1 << N) << N) - 1) * 2 + 1)
            ^
configure:4874: $? = 1
configure: failed program was:
| /* confdefs.h */
| #define PACKAGE_NAME "gpx"
| #define PACKAGE_TARNAME "gpx"
| #define PACKAGE_VERSION "2.5.3"
| #define PACKAGE_STRING "gpx 2.5.3"
| #define PACKAGE_BUGREPORT "https://github.com/markwal/GPX/issues"
| #define PACKAGE_URL "https://github.com/markwal/GPX"
| #define PACKAGE "gpx"
| #define VERSION "2.5.3"
| #define STDC_HEADERS 1
| #define HAVE_SYS_TYPES_H 1
| #define HAVE_SYS_STAT_H 1
| #define HAVE_STDLIB_H 1
| #define HAVE_STRING_H 1
| #define HAVE_MEMORY_H 1
| #define HAVE_STRINGS_H 1
| #define HAVE_INTTYPES_H 1
| #define HAVE_STDINT_H 1
| #define HAVE_UNISTD_H 1
| #define HAVE_FCNTL_H 1
| #define HAVE_FLOAT_H 1
| #define HAVE_INTTYPES_H 1
| #define HAVE_LIMITS_H 1
| #define HAVE_STDINT_H 1
| #define HAVE_STDLIB_H 1
| #define HAVE_STRING_H 1
| #define HAVE_UNISTD_H 1
| #define HAVE_WINDOWS_H 1
| #define HAVE__BOOL 1
| /* end confdefs.h.  */
| #include <stdio.h>
| #ifdef HAVE_SYS_TYPES_H
| # include <sys/types.h>
| #endif
| #ifdef HAVE_SYS_STAT_H
| # include <sys/stat.h>
| #endif
| #ifdef STDC_HEADERS
| # include <stdlib.h>
| # include <stddef.h>
| #else
| # ifdef HAVE_STDLIB_H
| #  include <stdlib.h>
| # endif
| #endif
| #ifdef HAVE_STRING_H
| # if !defined STDC_HEADERS && defined HAVE_MEMORY_H
| #  include <memory.h>
| # endif
| # include <string.h>
| #endif
| #ifdef HAVE_STRINGS_H
| # include <strings.h>
| #endif
| #ifdef HAVE_INTTYPES_H
| # include <inttypes.h>
| #endif
| #ifdef HAVE_STDINT_H
| # include <stdint.h>
| #endif
| #ifdef HAVE_UNISTD_H
| # include <unistd.h>
| #endif
| 	        enum { N = 16 / 2 - 1 };
| int
| main ()
| {
| static int test_array [1 - 2 * !((int16_t) (((((int16_t) 1 << N) << N) - 1) * 2 + 1)
| 		 < (int16_t) (((((int16_t) 1 << N) << N) - 1) * 2 + 2))];
| test_array [0] = 0;
| return test_array [0];
| 
|   ;
|   return 0;
| }
configure:4874: result: yes
configure:4885: checking for int32_t
configure:4885: i686-w64-mingw32-gcc -c  -pthread  conftest.c >&5
configure:4885: $? = 0
configure:4885: i686-w64-mingw32-gcc -c  -pthread  conftest.c >&5
conftest.c: In function 'main':
conftest.c:69:53: warning: integer overflow in expression [-Woverflow]
    < (int32_t) (((((int32_t) 1 << N) << N) - 1) * 2 + 2))];
                                                     ^
conftest.c:68:12: error: storage size of 'test_array' isn't constant
 static int test_array [1 - 2 * !((int32_t) (((((int32_t) 1 << N) << N) - 1) * 2 + 1)
            ^
configure:4885: $? = 1
configure: failed program was:
| /* confdefs.h */
| #define PACKAGE_NAME "gpx"
| #define PACKAGE_TARNAME "gpx"
| #define PACKAGE_VERSION "2.5.3"
| #define PACKAGE_STRING "gpx 2.5.3"
| #define PACKAGE_BUGREPORT "https://github.com/markwal/GPX/issues"
| #define PACKAGE_URL "https://github.com/markwal/GPX"
| #define PACKAGE "gpx"
| #define VERSION "2.5.3"
| #define STDC_HEADERS 1
| #define HAVE_SYS_TYPES_H 1
| #define HAVE_SYS_STAT_H 1
| #define HAVE_STDLIB_H 1
| #define HAVE_STRING_H 1
| #define HAVE_MEMORY_H 1
| #define HAVE_STRINGS_H 1
| #define HAVE_INTTYPES_H 1
| #define HAVE_STDINT_H 1
| #define HAVE_UNISTD_H 1
| #define HAVE_FCNTL_H 1
| #define HAVE_FLOAT_H 1
| #define HAVE_INTTYPES_H 1
| #define HAVE_LIMITS_H 1
| #define HAVE_STDINT_H 1
| #define HAVE_STDLIB_H 1
| #define HAVE_STRING_H 1
| #define HAVE_UNISTD_H 1
| #define HAVE_WINDOWS_H 1
| #define HAVE__BOOL 1
| /* end confdefs.h.  */
| #include <stdio.h>
| #ifdef HAVE_SYS_TYPES_H
| # include <sys/types.h>
| #endif
| #ifdef HAVE_SYS_STAT_H
| # include <sys/stat.h>
| #endif
| #ifdef STDC_HEADERS
| # include <stdlib.h>
| # include <stddef.h>
| #else
| # ifdef HAVE_STDLIB_H
| #  include <stdlib.h>
| # endif
| #endif
| #ifdef HAVE_STRING_H
| # if !defined STDC_HEADERS && defined HAVE_MEMORY_H
| #  include <memory.h>
| # endif
| # include <string.h>
| #endif
| #ifdef HAVE_STRINGS_H
| # include <strings.h>
| #endif
| #ifdef HAVE_INTTYPES_H
| # include <inttypes.h>
| #endif
| #ifdef HAVE_STDINT_H
| # include <stdint.h>
| #endif
| #ifdef HAVE_UNISTD_H
| # include <unistd.h>
| #endif
| 	        enum { N = 32 / 2 - 1 };
| int
| main ()
| {
| static int test_array [1 - 2 * !((int32_t) (((((int32_t) 1 << N) << N) - 1) * 2 + 1)
| 		 < (int32_t) (((((int32_t) 1 << N) << N) - 1) * 2 + 2))];
| test_array [0] = 0;
| return test_array [0];
| 
|   ;
|   return 0;
| }
configure:4885: result: yes
configure:4896: checking for int64_t
configure:4896: i686-w64-mingw32-gcc -c  -pthread  conftest.c >&5
configure:4896: $? = 0
configure:4896: i686-w64-mingw32-gcc -c  -pthread  conftest.c >&5
conftest.c: In function 'main':
conftest.c:69:53: warning: integer overflow in expression [-Woverflow]
    < (int64_t) (((((int64_t) 1 << N) << N) - 1) * 2 + 2))];
                                                     ^
conftest.c:68:12: error: storage size of 'test_array' isn't constant
 static int test_array [1 - 2 * !((int64_t) (((((int64_t) 1 << N) << N) - 1) * 2 + 1)
            ^
configure:4896: $? = 1
configure: failed program was:
| /* confdefs.h */
| #define PACKAGE_NAME "gpx"
| #define PACKAGE_TARNAME "gpx"
| #define PACKAGE_VERSION "2.5.3"
| #define PACKAGE_STRING "gpx 2.5.3"
| #define PACKAGE_BUGREPORT "https://github.com/markwal/GPX/issues"
| #define PACKAGE_URL "https://github.com/markwal/GPX"
| #define PACKAGE "gpx"
| #define VERSION "2.5.3"
| #define STDC_HEADERS 1
| #define HAVE_SYS_TYPES_H 1
| #define HAVE_SYS_STAT_H 1
| #define HAVE_STDLIB_H 1
| #define HAVE_STRING_H 1
| #define HAVE_MEMORY_H 1
| #define HAVE_STRINGS_H 1
| #define HAVE_INTTYPES_H 1
| #define HAVE_STDINT_H 1
| #define HAVE_UNISTD_H 1
| #define HAVE_FCNTL_H 1
| #define HAVE_FLOAT_H 1
| #define HAVE_INTTYPES_H 1
| #define HAVE_LIMITS_H 1
| #define HAVE_STDINT_H 1
| #define HAVE_STDLIB_H 1
| #define HAVE_STRING_H 1
| #define HAVE_UNISTD_H 1
| #define HAVE_WINDOWS_H 1
| #define HAVE__BOOL 1
| /* end confdefs.h.  */
| #include <stdio.h>
| #ifdef HAVE_SYS_TYPES_H
| # include <sys/types.h>
| #endif
| #ifdef HAVE_SYS_STAT_H
| # include <sys/stat.h>
| #endif
| #ifdef STDC_HEADERS
| # include <stdlib.h>
| # include <stddef.h>
| #else
| # ifdef HAVE_STDLIB_H
| #  include <stdlib.h>
| # endif
| #endif
| #ifdef HAVE_STRING_H
| # if !defined STDC_HEADERS && defined HAVE_MEMORY_H
| #  include <memory.h>
| # endif
| # include <string.h>
| #endif
| #ifdef HAVE_STRINGS_H
| # include <strings.h>
| #endif
| #ifdef HAVE_INTTYPES_H
| # include <inttypes.h>
| #endif
| #ifdef HAVE_STDINT_H
| # include <stdint.h>
| #endif
| #ifdef HAVE_UNISTD_H
| # include <unistd.h>
| #endif
| 	        enum { N = 64 / 2 - 1 };
| int
| main ()
| {
| static int test_array [1 - 2 * !((int64_t) (((((int64_t) 1 << N) << N) - 1) * 2 + 1)
| 		 < (int64_t) (((((int64_t) 1 << N) << N) - 1) * 2 + 2))];
| test_array [0] = 0;
| return test_array [0];
| 
|   ;
|   return 0;
| }
configure:4896: result: yes
configure:4907: checking for size_t
configure:4907: i686-w64-mingw32-gcc -c  -pthread  conftest.c >&5
configure:4907: $? = 0
configure:4907: i686-w64-mingw32-gcc -c  -pthread  conftest.c >&5
conftest.c: In function 'main':
conftest.c:67:21: error: expected expression before ')' token
 if (sizeof ((size_t)))
                     ^
configure:4907: $? = 1
configure: failed program was:
| /* confdefs.h */
| #define PACKAGE_NAME "gpx"
| #define PACKAGE_TARNAME "gpx"
| #define PACKAGE_VERSION "2.5.3"
| #define PACKAGE_STRING "gpx 2.5.3"
| #define PACKAGE_BUGREPORT "https://github.com/markwal/GPX/issues"
| #define PACKAGE_URL "https://github.com/markwal/GPX"
| #define PACKAGE "gpx"
| #define VERSION "2.5.3"
| #define STDC_HEADERS 1
| #define HAVE_SYS_TYPES_H 1
| #define HAVE_SYS_STAT_H 1
| #define HAVE_STDLIB_H 1
| #define HAVE_STRING_H 1
| #define HAVE_MEMORY_H 1
| #define HAVE_STRINGS_H 1
| #define HAVE_INTTYPES_H 1
| #define HAVE_STDINT_H 1
| #define HAVE_UNISTD_H 1
| #define HAVE_FCNTL_H 1
| #define HAVE_FLOAT_H 1
| #define HAVE_INTTYPES_H 1
| #define HAVE_LIMITS_H 1
| #define HAVE_STDINT_H 1
| #define HAVE_STDLIB_H 1
| #define HAVE_STRING_H 1
| #define HAVE_UNISTD_H 1
| #define HAVE_WINDOWS_H 1
| #define HAVE__BOOL 1
| /* end confdefs.h.  */
| #include <stdio.h>
| #ifdef HAVE_SYS_TYPES_H
| # include <sys/types.h>
| #endif
| #ifdef HAVE_SYS_STAT_H
| # include <sys/stat.h>
| #endif
| #ifdef STDC_HEADERS
| # include <stdlib.h>
| # include <stddef.h>
| #else
| # ifdef HAVE_STDLIB_H
| #  include <stdlib.h>
| # endif
| #endif
| #ifdef HAVE_STRING_H
| # if !defined STDC_HEADERS && defined HAVE_MEMORY_H
| #  include <memory.h>
| # endif
| # include <string.h>
| #endif
| #ifdef HAVE_STRINGS_H
| # include <strings.h>
| #endif
| #ifdef HAVE_INTTYPES_H
| # include <inttypes.h>
| #endif
| #ifdef HAVE_STDINT_H
| # include <stdint.h>
| #endif
| #ifdef HAVE_UNISTD_H
| # include <unistd.h>
| #endif
| int
| main ()
| {
| if (sizeof ((size_t)))
| 	    return 0;
|   ;
|   return 0;
| }
configure:4907: result: yes
configure:4918: checking for ssize_t
configure:4918: i686-w64-mingw32-gcc -c  -pthread  conftest.c >&5
configure:4918: $? = 0
configure:4918: i686-w64-mingw32-gcc -c  -pthread  conftest.c >&5
conftest.c: In function 'main':
conftest.c:67:22: error: expected expression before ')' token
 if (sizeof ((ssize_t)))
                      ^
configure:4918: $? = 1
configure: failed program was:
| /* confdefs.h */
| #define PACKAGE_NAME "gpx"
| #define PACKAGE_TARNAME "gpx"
| #define PACKAGE_VERSION "2.5.3"
| #define PACKAGE_STRING "gpx 2.5.3"
| #define PACKAGE_BUGREPORT "https://github.com/markwal/GPX/issues"
| #define PACKAGE_URL "https://github.com/markwal/GPX"
| #define PACKAGE "gpx"
| #define VERSION "2.5.3"
| #define STDC_HEADERS 1
| #define HAVE_SYS_TYPES_H 1
| #define HAVE_SYS_STAT_H 1
| #define HAVE_STDLIB_H 1
| #define HAVE_STRING_H 1
| #define HAVE_MEMORY_H 1
| #define HAVE_STRINGS_H 1
| #define HAVE_INTTYPES_H 1
| #define HAVE_STDINT_H 1
| #define HAVE_UNISTD_H 1
| #define HAVE_FCNTL_H 1
| #define HAVE_FLOAT_H 1
| #define HAVE_INTTYPES_H 1
| #define HAVE_LIMITS_H 1
| #define HAVE_STDINT_H 1
| #define HAVE_STDLIB_H 1
| #define HAVE_STRING_H 1
| #define HAVE_UNISTD_H 1
| #define HAVE_WINDOWS_H 1
| #define HAVE__BOOL 1
| /* end confdefs.h.  */
| #include <stdio.h>
| #ifdef HAVE_SYS_TYPES_H
| # include <sys/types.h>
| #endif
| #ifdef HAVE_SYS_STAT_H
| # include <sys/stat.h>
| #endif
| #ifdef STDC_HEADERS
| # include <stdlib.h>
| # include <stddef.h>
| #else
| # ifdef HAVE_STDLIB_H
| #  include <stdlib.h>
| # endif
| #endif
| #ifdef HAVE_STRING_H
| # if !defined STDC_HEADERS && defined HAVE_MEMORY_H
| #  include <memory.h>
| # endif
| # include <string.h>
| #endif
| #ifdef HAVE_STRINGS_H
| # include <strings.h>
| #endif
| #ifdef HAVE_INTTYPES_H
| # include <inttypes.h>
| #endif
| #ifdef HAVE_STDINT_H
| # include <stdint.h>
| #endif
| #ifdef HAVE_UNISTD_H
| # include <unistd.h>
| #endif
| int
| main ()
| {
| if (sizeof ((ssize_t)))
| 	    return 0;
|   ;
|   return 0;
| }
configure:4918: result: yes
configure:4929: checking for uint16_t
configure:4929: i686-w64-mingw32-gcc -c  -pthread  conftest.c >&5
configure:4929: $? = 0
configure:4929: result: yes
configure:4941: checking for uint32_t
configure:4941: i686-w64-mingw32-gcc -c  -pthread  conftest.c >&5
configure:4941: $? = 0
configure:4941: result: yes
configure:4955: checking for uint8_t
configure:4955: i686-w64-mingw32-gcc -c  -pthread  conftest.c >&5
configure:4955: $? = 0
configure:4955: result: yes
configure:4971: checking for working strtod
configure:5022: result: no
configure:5031: checking for pow
configure:5031: i686-w64-mingw32-gcc -o conftest.exe  -pthread   -static -static-libgcc -lpthread conftest.c  >&5
conftest.c:54:6: warning: conflicting types for built-in function 'pow'
 char pow ();
      ^
configure:5031: $? = 0
configure:5031: result: yes
configure:5087: checking for atexit
configure:5087: i686-w64-mingw32-gcc -o conftest.exe  -pthread   -static -static-libgcc -lpthread conftest.c  >&5
configure:5087: $? = 0
configure:5087: result: yes
configure:5087: checking for memmove
configure:5087: i686-w64-mingw32-gcc -o conftest.exe  -pthread   -static -static-libgcc -lpthread conftest.c  >&5
conftest.c:55:6: warning: conflicting types for built-in function 'memmove'
 char memmove ();
      ^
configure:5087: $? = 0
configure:5087: result: yes
configure:5087: checking for memset
configure:5087: i686-w64-mingw32-gcc -o conftest.exe  -pthread   -static -static-libgcc -lpthread conftest.c  >&5
conftest.c:56:6: warning: conflicting types for built-in function 'memset'
 char memset ();
      ^
configure:5087: $? = 0
configure:5087: result: yes
configure:5087: checking for select
configure:5087: i686-w64-mingw32-gcc -o conftest.exe  -pthread   -static -static-libgcc -lpthread conftest.c  >&5
/tmp/ccw4QdRr.o:conftest.c:(.text+0xc): undefined reference to `select'
collect2: error: ld returned 1 exit status
configure:5087: $? = 1
configure: failed program was:
| /* confdefs.h */
| #define PACKAGE_NAME "gpx"
| #define PACKAGE_TARNAME "gpx"
| #define PACKAGE_VERSION "2.5.3"
| #define PACKAGE_STRING "gpx 2.5.3"
| #define PACKAGE_BUGREPORT "https://github.com/markwal/GPX/issues"
| #define PACKAGE_URL "https://github.com/markwal/GPX"
| #define PACKAGE "gpx"
| #define VERSION "2.5.3"
| #define STDC_HEADERS 1
| #define HAVE_SYS_TYPES_H 1
| #define HAVE_SYS_STAT_H 1
| #define HAVE_STDLIB_H 1
| #define HAVE_STRING_H 1
| #define HAVE_MEMORY_H 1
| #define HAVE_STRINGS_H 1
| #define HAVE_INTTYPES_H 1
| #define HAVE_STDINT_H 1
| #define HAVE_UNISTD_H 1
| #define HAVE_FCNTL_H 1
| #define HAVE_FLOAT_H 1
| #define HAVE_INTTYPES_H 1
| #define HAVE_LIMITS_H 1
| #define HAVE_STDINT_H 1
| #define HAVE_STDLIB_H 1
| #define HAVE_STRING_H 1
| #define HAVE_UNISTD_H 1
| #define HAVE_WINDOWS_H 1
| #define HAVE__BOOL 1
| #define HAVE_ATEXIT 1
| #define HAVE_MEMMOVE 1
| #define HAVE_MEMSET 1
| /* end confdefs.h.  */
| /* Define select to an innocuous variant, in case <limits.h> declares select.
|    For example, HP-UX 11i <limits.h> declares gettimeofday.  */
| #define select innocuous_select
| 
| /* System header to define __stub macros and hopefully few prototypes,
|     which can conflict with char select (); below.
|     Prefer <limits.h> to <assert.h> if __STDC__ is defined, since
|     <limits.h> exists even on freestanding compilers.  */
| 
| #ifdef __STDC__
| # include <limits.h>
| #else
| # include <assert.h>
| #endif
| 
| #undef select
| 
| /* Override any GCC internal prototype to avoid an error.
|    Use char because int might match the return type of a GCC
|    builtin and then its argument prototype would still apply.  */
| #ifdef __cplusplus
| extern "C"
| #endif
| char select ();
| /* The GNU C library defines this for functions which it implements
|     to always fail with ENOSYS.  Some functions are actually named
|     something starting with __ and the normal name is an alias.  */
| #if defined __stub_select || defined __stub___select
| choke me
| #endif
| 
| int
| main ()
| {
| return select ();
|   ;
|   return 0;
| }
configure:5087: result: no
configure:5087: checking for sqrt
configure:5087: i686-w64-mingw32-gcc -o conftest.exe  -pthread   -static -static-libgcc -lpthread conftest.c  >&5
conftest.c:57:6: warning: conflicting types for built-in function 'sqrt'
 char sqrt ();
      ^
configure:5087: $? = 0
configure:5087: result: yes
configure:5087: checking for strcasecmp
configure:5087: i686-w64-mingw32-gcc -o conftest.exe  -pthread   -static -static-libgcc -lpthread conftest.c  >&5
conftest.c:58:6: warning: conflicting types for built-in function 'strcasecmp'
 char strcasecmp ();
      ^
configure:5087: $? = 0
configure:5087: result: yes
configure:5087: checking for strchr
configure:5087: i686-w64-mingw32-gcc -o conftest.exe  -pthread   -static -static-libgcc -lpthread conftest.c  >&5
conftest.c:59:6: warning: conflicting types for built-in function 'strchr'
 char strchr ();
      ^
configure:5087: $? = 0
configure:5087: result: yes
configure:5087: checking for strdup
configure:5087: i686-w64-mingw32-gcc -o conftest.exe  -pthread   -static -static-libgcc -lpthread conftest.c  >&5
conftest.c:60:6: warning: conflicting types for built-in function 'strdup'
 char strdup ();
      ^
configure:5087: $? = 0
configure:5087: result: yes
configure:5087: checking for strerror
configure:5087: i686-w64-mingw32-gcc -o conftest.exe  -pthread   -static -static-libgcc -lpthread conftest.c  >&5
configure:5087: $? = 0
configure:5087: result: yes
configure:5087: checking for strrchr
configure:5087: i686-w64-mingw32-gcc -o conftest.exe  -pthread   -static -static-libgcc -lpthread conftest.c  >&5
conftest.c:62:6: warning: conflicting types for built-in function 'strrchr'
 char strrchr ();
      ^
configure:5087: $? = 0
configure:5087: result: yes
configure:5087: checking for strtol
configure:5087: i686-w64-mingw32-gcc -o conftest.exe  -pthread   -static -static-libgcc -lpthread conftest.c  >&5
configure:5087: $? = 0
configure:5087: result: yes
configure:5087: checking for nanosleep
configure:5087: i686-w64-mingw32-gcc -o conftest.exe  -pthread   -static -static-libgcc -lpthread conftest.c  >&5
configure:5087: $? = 0
configure:5087: result: yes
configure:5208: checking that generated files are newer than configure
configure:5214: result: done
configure:5265: creating ./config.status

## ---------------------- ##
## Running config.status. ##
## ---------------------- ##

This file was extended by gpx config.status 2.5.3, which was
generated by GNU Autoconf 2.69.  Invocation command line was

  CONFIG_FILES    = 
  CONFIG_HEADERS  = 
  CONFIG_LINKS    = 
  CONFIG_COMMANDS = 
  $ ./config.status 

on p4a

config.status:906: creating Makefile
config.status:906: creating src/gpx/Makefile
config.status:906: creating src/utils/Makefile
config.status:906: creating src/shared/config.h
config.status:1072: src/shared/config.h is unchanged
config.status:1120: executing depfiles commands

## ---------------- ##
## Cache variables. ##
## ---------------- ##

ac_cv_build=x86_64-unknown-linux-gnu
ac_cv_c_compiler_gnu=yes
ac_cv_c_int16_t=yes
ac_cv_c_int32_t=yes
ac_cv_c_int64_t=yes
ac_cv_c_uint16_t=yes
ac_cv_c_uint32_t=yes
ac_cv_c_uint8_t=yes
ac_cv_env_CC_set=
ac_cv_env_CC_value=
ac_cv_env_CFLAGS_set=
ac_cv_env_CFLAGS_value=
ac_cv_env_CPPFLAGS_set=
ac_cv_env_CPPFLAGS_value=
ac_cv_env_CPP_set=
ac_cv_env_CPP_value=
ac_cv_env_LDFLAGS_set=
ac_cv_env_LDFLAGS_value=
ac_cv_env_LIBS_set=
ac_cv_env_LIBS_value=
ac_cv_env_build_alias_set=
ac_cv_env_build_alias_value=
ac_cv_env_host_alias_set=set
ac_cv_env_host_alias_value=i686-w64-mingw32
ac_cv_env_target_alias_set=
ac_cv_env_target_alias_value=
ac_cv_exeext=.exe
ac_cv_func_atexit=yes
ac_cv_func_memmove=yes
ac_cv_func_memset=yes
ac_cv_func_nanosleep=yes
ac_cv_func_pow=yes
ac_cv_func_select=no
ac_cv_func_sqrt=yes
ac_cv_func_strcasecmp=yes
ac_cv_func_strchr=yes
ac_cv_func_strdup=yes
ac_cv_func_strerror=yes
ac_cv_func_strrchr=yes
ac_cv_func_strtod=no
ac_cv_func_strtol=yes
ac_cv_header_fcntl_h=yes
ac_cv_header_float_h=yes
ac_cv_header_inttypes_h=yes
ac_cv_header_limits_h=yes
ac_cv_header_memory_h=yes
ac_cv_header_stdbool_h=yes
ac_cv_header_stdc=yes
ac_cv_header_stdint_h=yes
ac_cv_header_stdlib_h=yes
ac_cv_header_string_h=yes
ac_cv_header_strings_h=yes
ac_cv_header_sys_stat_h=yes
ac_cv_header_sys_types_h=yes
ac_cv_header_unistd_h=yes
ac_cv_header_windows_h=yes
ac_cv_host=i686-w64-mingw32
ac_cv_objext=o
ac_cv_path_EGREP='/bin/grep -E'
ac_cv_path_GREP=/bin/grep
ac_cv_path_install='/usr/bin/install -c'
ac_cv_path_mkdir=/bin/mkdir
ac_cv_prog_AWK=mawk
ac_cv_prog_CC=i686-w64-mingw32-gcc
ac_cv_prog_CPP='i686-w64-mingw32-gcc -E'
ac_cv_prog_DIFF='diff -b'
ac_cv_prog_PYTHON=python
ac_cv_prog_STRIP=i686-w64-mingw32-strip
ac_cv_prog_cc_c89=
ac_cv_prog_cc_g=yes
ac_cv_prog_make_make_set=yes
ac_cv_type__Bool=yes
ac_cv_type_size_t=yes
ac_cv_type_ssize_t=yes
am_cv_CC_dependencies_compiler_type=gcc3
am_cv_make_support_nested_variables=yes
am_cv_prog_cc_c_o=yes

## ----------------- ##
## Output variables. ##
## ----------------- ##

ACLOCAL='${SHELL} /media/sf_GPX/build-aux/missing aclocal-1.15'
AMDEPBACKSLASH='\'
AMDEP_FALSE='#'
AMDEP_TRUE=''
AMTAR='$${TAR-tar}'
AM_BACKSLASH='\'
AM_DEFAULT_V='$(AM_DEFAULT_VERBOSITY)'
AM_DEFAULT_VERBOSITY='1'
AM_V='$(V)'
AUTOCONF='${SHELL} /media/sf_GPX/build-aux/missing autoconf'
AUTOHEADER='${SHELL} /media/sf_GPX/build-aux/missing autoheader'
AUTOMAKE='${SHELL} /media/sf_GPX/build-aux/missing automake-1.15'
AWK='mawk'
BDIST_TARGET='bdist-zip'
CC='i686-w64-mingw32-gcc'
CCDEPMODE='depmode=gcc3'
CFLAGS=' -pthread'
CPP='i686-w64-mingw32-gcc -E'
CPPFLAGS=''
CREATEDMG=''
CROSS_COMPILING_FALSE='#'
CROSS_COMPILING_TRUE=''
CYGPATH_W='echo'
DEFS='-DHAVE_CONFIG_H'
DEPDIR='.deps'
DIFF='diff -b'
ECHO_C=''
ECHO_N='-n'
ECHO_T=''
EGREP='/bin/grep -E'
EXEEXT='.exe'
GREP='/bin/grep'
HAVE_CREATEDMG_FALSE=''
HAVE_CREATEDMG_TRUE='#'
HAVE_DIFF_FALSE='#'
HAVE_DIFF_TRUE=''
HAVE_PYTHON_FALSE='#'
HAVE_PYTHON_TRUE=''
HAVE_SIGNOSX_FALSE=''
HAVE_SIGNOSX_TRUE='#'
HAVE_WINDOWS_H_FALSE='#'
HAVE_WINDOWS_H_TRUE=''
INSTALL_DATA='${INSTALL} -m 644'
INSTALL_PROGRAM='${INSTALL}'
INSTALL_SCRIPT='${INSTALL}'
INSTALL_STRIP_PROGRAM='$(install_sh) -c -s'
LDFLAGS=' -static -static-libgcc -lpthread'
LIBOBJS=' ${LIBOBJDIR}strtod$U.o'
LIBS=''
LTLIBOBJS=' ${LIBOBJDIR}strtod$U.lo'
MAINT='#'
MAINTAINER_MODE_FALSE=''
MAINTAINER_MODE_TRUE='#'
MAKEINFO='${SHELL} /media/sf_GPX/build-aux/missing makeinfo'
MKDIR_P='/bin/mkdir -p'
OBJEXT='o'
PACKAGE='gpx'
PACKAGE_BUGREPORT='https://github.com/markwal/GPX/issues'
PACKAGE_NAME='gpx'
PACKAGE_STRING='gpx 2.5.3'
PACKAGE_TARNAME='gpx'
PACKAGE_URL='https://github.com/markwal/GPX'
PACKAGE_VERSION='2.5.3'
PATH_SEPARATOR=':'
PLATFORM='win32'
POW_LIB=''
PYTHON='python'
SET_MAKE=''
SHELL='/bin/bash'
SIGNOSX=''
STRIP='i686-w64-mingw32-strip'
VERSION='2.5.3'
ac_ct_CC=''
am__EXEEXT_FALSE='#'
am__EXEEXT_TRUE=''
am__fastdepCC_FALSE='#'
am__fastdepCC_TRUE=''
am__include='include'
am__isrc=' -I$(srcdir)'
am__leading_dot='.'
am__nodep='_no'
am__quote=''
am__tar='$${TAR-tar} chof - "$$tardir"'
am__untar='$${TAR-tar} xf -'
bindir='${exec_prefix}/bin'
build='x86_64-unknown-linux-gnu'
build_alias=''
build_cpu='x86_64'
build_os='linux-gnu'
build_vendor='unknown'
datadir='${datarootdir}'
datarootdir='${prefix}/share'
docdir='${datarootdir}/doc/${PACKAGE_TARNAME}'
dvidir='${docdir}'
exec_prefix='${prefix}'
host='i686-w64-mingw32'
host_alias='i686-w64-mingw32'
host_cpu='i686'
host_os='mingw32'
host_vendor='w64'
htmldir='${docdir}'
includedir='${prefix}/include'
infodir='${datarootdir}/info'
install_sh='${SHELL} /media/sf_GPX/build-aux/install-sh'
libdir='${exec_prefix}/lib'
libexecdir='${exec_prefix}/libexec'
localedir='${datarootdir}/locale'
localstatedir='${prefix}/var'
mandir='${datarootdir}/man'
mkdir_p='$(MKDIR_P)'
oldincludedir='/usr/include'
pdfdir='${docdir}'
prefix='/usr/local'
program_transform_name='s,x,x,'
psdir='${docdir}'
sbindir='${exec_prefix}/sbin'
sharedstatedir='${prefix}/com'
sysconfdir='${prefix}/etc'
target_alias=''

## ----------- ##
## confdefs.h. ##
## ----------- ##

/* confdefs.h */
#define PACKAGE_NAME "gpx"
#define PACKAGE_TARNAME "gpx"
#define PACKAGE_VERSION "2.5.3"
#define PACKAGE_STRING "gpx 2.5.3"
#define PACKAGE_BUGREPORT "https://github.com/markwal/GPX/issues"
#define PACKAGE_URL "https://github.com/markwal/GPX"
#define PACKAGE "gpx"
#define VERSION "2.5.3"
#define STDC_HEADERS 1
#define HAVE_SYS_TYPES_H 1
#define HAVE_SYS_STAT_H 1
#define HAVE_STDLIB_H 1
#define HAVE_STRING_H 1
#define HAVE_MEMORY_H 1
#define HAVE_STRINGS_H 1
#define HAVE_INTTYPES_H 1
#define HAVE_STDINT_H 1
#define HAVE_UNISTD_H 1
#define HAVE_FCNTL_H 1
#define HAVE_FLOAT_H 1
#define HAVE_INTTYPES_H 1
#define HAVE_LIMITS_H 1
#define HAVE_STDINT_H 1
#define HAVE_STDLIB_H 1
#define HAVE_STRING_H 1
#define HAVE_UNISTD_H 1
#define HAVE_WINDOWS_H 1
#define HAVE__BOOL 1
#define HAVE_ATEXIT 1
#define HAVE_MEMMOVE 1
#define HAVE_MEMSET 1
#define HAVE_SQRT 1
#define HAVE_STRCASECMP 1
#define HAVE_STRCHR 1
#define HAVE_STRDUP 1
#define HAVE_STRERROR 1
#define HAVE_STRRCHR 1
#define HAVE_STRTOL 1
#define HAVE_NANOSLEEP 1

configure: exit 0
